[debug] [2025-07-28T10:15:39.776Z] ----------------------------------------------------------------------
[debug] [2025-07-28T10:15:39.777Z] Command:       /usr/bin/node /usr/bin/firebase init
[debug] [2025-07-28T10:15:39.777Z] CLI Version:   14.11.1
[debug] [2025-07-28T10:15:39.777Z] Platform:      linux
[debug] [2025-07-28T10:15:39.777Z] Node Version:  v24.4.1
[debug] [2025-07-28T10:15:39.777Z] Time:          Mon Jul 28 2025 20:15:39 GMT+1000 (Australian Eastern Standard Time)
[debug] [2025-07-28T10:15:39.777Z] ----------------------------------------------------------------------
[debug] 
[debug] [2025-07-28T10:15:39.779Z] > command requires scopes: ["email","openid","https://www.googleapis.com/auth/cloudplatformprojects.readonly","https://www.googleapis.com/auth/firebase","https://www.googleapis.com/auth/cloud-platform"]
[debug] [2025-07-28T10:15:39.779Z] > authorizing via signed-in user (woolsey2316@gmail.com)
[info] 
     ######## #### ########  ######## ########     ###     ######  ########
     ##        ##  ##     ## ##       ##     ##  ##   ##  ##       ##
     ######    ##  ########  ######   ########  #########  ######  ######
     ##        ##  ##    ##  ##       ##     ## ##     ##       ## ##
     ##       #### ##     ## ######## ########  ##     ##  ######  ########

You're about to initialize a Firebase project in this directory:

  /home/wools/github/touchtype-web

[debug] [2025-07-28T10:17:04.618Z] ExitPromptError: User force closed the prompt with SIGINT
    at Interface.sigint (/usr/lib/node_modules/firebase-tools/node_modules/@inquirer/core/dist/commonjs/lib/create-prompt.js:101:37)
    at Interface.emit (node:events:507:28)
    at Interface.emit (node:domain:489:12)
    at [_ttyWrite] [as _ttyWrite] (node:internal/readline/interface:1315:18)
    at ReadStream.onkeypress (node:internal/readline/interface:284:20)
    at ReadStream.emit (node:events:519:35)
    at ReadStream.emit (node:domain:489:12)
    at emitKeys (node:internal/readline/utils:371:14)
    at emitKeys.next (<anonymous>)
    at ReadStream.onData (node:internal/readline/emitKeypressEvents:64:36)
[error] 
[error] Error: An unexpected error has occurred.
